[    0.000000] Linux version 4.15.0-212-generic (buildd@lcy02-amd64-083) (gcc version 7.5.0 (Ubuntu 7.5.0-3ubuntu1~18.04)) #223-Ubuntu SMP Tue May 23 13:09:22 UTC 2023 (Ubuntu 4.15.0-212.223-generic 4.15.18)
[    0.000000] Command line: BOOT_IMAGE=/boot/vmlinuz-4.15.0-212-generic root=LABEL=cloudimg-rootfs ro console=tty1 console=ttyS0
[    0.000000] KERNEL supported cpus:
[    0.000000]   Intel GenuineIntel
[    0.000000]   AMD AuthenticAMD
[    0.000000]   Centaur CentaurHauls
[    0.000000] x86/fpu: Supporting XSAVE feature 0x001: 'x87 floating point registers'
[    0.000000] x86/fpu: Supporting XSAVE feature 0x002: 'SSE registers'
[    0.000000] x86/fpu: Supporting XSAVE feature 0x004: 'AVX registers'
[    0.000000] x86/fpu: xstate_offset[2]:  576, xstate_sizes[2]:  256
[    0.000000] x86/fpu: Enabled xstate features 0x7, context size is 832 bytes, using 'standard' format.
[    0.000000] e820: BIOS-provided physical RAM map:
[    0.000000] BIOS-e820: [mem 0x0000000000000000-0x000000000009fbff] usable
[    0.000000] BIOS-e820: [mem 0x000000000009fc00-0x000000000009ffff] reserved
[    0.000000] BIOS-e820: [mem 0x00000000000f0000-0x00000000000fffff] reserved
[    0.000000] BIOS-e820: [mem 0x0000000000100000-0x000000003ffeffff] usable
[    0.000000] BIOS-e820: [mem 0x000000003fff0000-0x000000003fffffff] ACPI data
[    0.000000] BIOS-e820: [mem 0x00000000fec00000-0x00000000fec00fff] reserved
[    0.000000] BIOS-e820: [mem 0x00000000fee00000-0x00000000fee00fff] reserved
[    0.000000] BIOS-e820: [mem 0x00000000fffc0000-0x00000000ffffffff] reserved
[    0.000000] NX (Execute Disable) protection: active
[    0.000000] SMBIOS 2.5 present.
[    0.000000] DMI: innotek GmbH VirtualBox/VirtualBox, BIOS VirtualBox 12/01/2006
[    0.000000] Hypervisor detected: KVM
[    0.000000] e820: last_pfn = 0x3fff0 max_arch_pfn = 0x400000000
[    0.000000] MTRR: Disabled
[    0.000000] x86/PAT: MTRRs disabled, skipping PAT initialization too.
[    0.000000] CPU MTRRs all blank - virtualized system.
[    0.000000] x86/PAT: Configuration [0-7]: WB  WT  UC- UC  WB  WT  UC- UC  
[    0.000000] found SMP MP-table at [mem 0x0009fff0-0x0009ffff]
[    0.000000] Scanning 1 areas for low memory corruption
[    0.000000] RAMDISK: [mem 0x359cb000-0x36cdcfff]
[    0.000000] ACPI: Early table checksum verification disabled
[    0.000000] ACPI: RSDP 0x00000000000E0000 000024 (v02 VBOX  )
[    0.000000] ACPI: XSDT 0x000000003FFF0030 00003C (v01 VBOX   VBOXXSDT 00000001 ASL  00000061)
[    0.000000] ACPI: FACP 0x000000003FFF00F0 0000F4 (v04 VBOX   VBOXFACP 00000001 ASL  00000061)
[    0.000000] ACPI: DSDT 0x000000003FFF0610 002353 (v02 VBOX   VBOXBIOS 00000002 INTL 20100528)
[    0.000000] ACPI: FACS 0x000000003FFF0200 000040
[    0.000000] ACPI: FACS 0x000000003FFF0200 000040
[    0.000000] ACPI: APIC 0x000000003FFF0240 00005C (v02 VBOX   VBOXAPIC 00000001 ASL  00000061)
[    0.000000] ACPI: SSDT 0x000000003FFF02A0 00036C (v01 VBOX   VBOXCPUT 00000002 INTL 20100528)
[    0.000000] ACPI: Reserving FACP table memory at [mem 0x3fff00f0-0x3fff01e3]
[    0.000000] ACPI: Reserving DSDT table memory at [mem 0x3fff0610-0x3fff2962]
[    0.000000] ACPI: Reserving FACS table memory at [mem 0x3fff0200-0x3fff023f]
[    0.000000] ACPI: Reserving FACS table memory at [mem 0x3fff0200-0x3fff023f]
[    0.000000] ACPI: Reserving APIC table memory at [mem 0x3fff0240-0x3fff029b]
[    0.000000] ACPI: Reserving SSDT table memory at [mem 0x3fff02a0-0x3fff060b]
[    0.000000] No NUMA configuration found
[    0.000000] Faking a node at [mem 0x0000000000000000-0x000000003ffeffff]
[    0.000000] NODE_DATA(0) allocated [mem 0x3ffc5000-0x3ffeffff]
[    0.000000] kvm-clock: cpu 0, msr 0:3ff44001, primary cpu clock
[    0.000000] kvm-clock: Using msrs 4b564d01 and 4b564d00
[    0.000000] kvm-clock: using sched offset of 3308667694 cycles
[    0.000000] clocksource: kvm-clock: mask: 0xffffffffffffffff max_cycles: 0x1cd42e4dffb, max_idle_ns: 881590591483 ns
[    0.000000] Zone ranges:
[    0.000000]   DMA      [mem 0x0000000000001000-0x0000000000ffffff]
[    0.000000]   DMA32    [mem 0x0000000001000000-0x000000003ffeffff]
[    0.000000]   Normal   empty
[    0.000000]   Device   empty
[    0.000000] Movable zone start for each node
[    0.000000] Early memory node ranges
[    0.000000]   node   0: [mem 0x0000000000001000-0x000000000009efff]
[    0.000000]   node   0: [mem 0x0000000000100000-0x000000003ffeffff]
[    0.000000] Reserved but unavailable: 104 pages
[    0.000000] Initmem setup node 0 [mem 0x0000000000001000-0x000000003ffeffff]
[    0.000000] ACPI: PM-Timer IO Port: 0x4008
[    0.000000] IOAPIC[0]: apic_id 2, version 32, address 0xfec00000, GSI 0-23
[    0.000000] ACPI: INT_SRC_OVR (bus 0 bus_irq 0 global_irq 2 dfl dfl)
[    0.000000] ACPI: INT_SRC_OVR (bus 0 bus_irq 9 global_irq 9 low level)
[    0.000000] Using ACPI (MADT) for SMP configuration information
[    0.000000] smpboot: Allowing 2 CPUs, 0 hotplug CPUs
[    0.000000] PM: Registered nosave memory: [mem 0x00000000-0x00000fff]
[    0.000000] PM: Registered nosave memory: [mem 0x0009f000-0x0009ffff]
[    0.000000] PM: Registered nosave memory: [mem 0x000a0000-0x000effff]
[    0.000000] PM: Registered nosave memory: [mem 0x000f0000-0x000fffff]
[    0.000000] e820: [mem 0x40000000-0xfebfffff] available for PCI devices
[    0.000000] Booting paravirtualized kernel on KVM
[    0.000000] clocksource: refined-jiffies: mask: 0xffffffff max_cycles: 0xffffffff, max_idle_ns: 7645519600211568 ns
[    0.000000] setup_percpu: NR_CPUS:8192 nr_cpumask_bits:2 nr_cpu_ids:2 nr_node_ids:1
[    0.000000] percpu: Embedded 50 pages/cpu s167936 r8192 d28672 u1048576
[    0.000000] PV qspinlock hash table entries: 256 (order: 0, 4096 bytes)
[    0.000000] Built 1 zonelists, mobility grouping on.  Total pages: 257913
[    0.000000] Policy zone: DMA32
[    0.000000] Kernel command line: BOOT_IMAGE=/boot/vmlinuz-4.15.0-212-generic root=LABEL=cloudimg-rootfs ro console=tty1 console=ttyS0
[    0.000000] Memory: 982644K/1048120K available (12300K kernel code, 2477K rwdata, 4324K rodata, 2480K init, 2720K bss, 65476K reserved, 0K cma-reserved)
[    0.000000] SLUB: HWalign=64, Order=0-3, MinObjects=0, CPUs=2, Nodes=1
[    0.000000] Kernel/User page tables isolation: enabled
[    0.000000] ftrace: allocating 39508 entries in 155 pages
[    0.004000] Hierarchical RCU implementation.
[    0.004000] 	RCU restricting CPUs from NR_CPUS=8192 to nr_cpu_ids=2.
[    0.004000] 	Tasks RCU enabled.
[    0.004000] RCU: Adjusting geometry for rcu_fanout_leaf=16, nr_cpu_ids=2
[    0.004000] NR_IRQS: 524544, nr_irqs: 440, preallocated irqs: 16
[    0.004000] random: crng init done
[    0.004000] Console: colour VGA+ 80x25
[    0.004000] console [tty1] enabled
[    0.004000] console [ttyS0] enabled
[    0.004000] ACPI: Core revision 20170831
[    0.004000] ACPI: 2 ACPI AML tables successfully acquired and loaded
[    0.004000] APIC: Switch to symmetric I/O mode setup
[    0.004000] x2apic enabled
[    0.004000] Switched APIC routing to physical x2apic.
[    0.005304] ..TIMER: vector=0x30 apic1=0 pin1=2 apic2=-1 pin2=-1
[    0.008006] tsc: Detected 2904.002 MHz processor
[    0.008876] Calibrating delay loop (skipped) preset value.. 5808.00 BogoMIPS (lpj=11616008)
[    0.012005] pid_max: default: 32768 minimum: 301
[    0.012972] Security Framework initialized
[    0.014159] Yama: becoming mindful.
[    0.016032] AppArmor: AppArmor initialized
[    0.020023] Dentry cache hash table entries: 131072 (order: 8, 1048576 bytes)
[    0.021389] Inode-cache hash table entries: 65536 (order: 7, 524288 bytes)
[    0.022557] Mount-cache hash table entries: 2048 (order: 2, 16384 bytes)
[    0.024006] Mountpoint-cache hash table entries: 2048 (order: 2, 16384 bytes)
[    0.025510] Last level iTLB entries: 4KB 64, 2MB 8, 4MB 8
[    0.026448] Last level dTLB entries: 4KB 64, 2MB 0, 4MB 0, 1GB 4
[    0.027533] Spectre V1 : Mitigation: usercopy/swapgs barriers and __user pointer sanitization
[    0.028003] Spectre V2 : Mitigation: Retpolines
[    0.028923] Spectre V2 : Spectre v2 / SpectreRSB mitigation: Filling RSB on context switch
[    0.030463] Spectre V2 : Spectre v2 / SpectreRSB : Filling RSB on VMEXIT
[    0.032002] RETBleed: WARNING: Spectre v2 mitigation leaves CPU vulnerable to RETBleed attacks, data leaks possible!
[    0.033857] RETBleed: Vulnerable
[    0.034484] Speculative Store Bypass: Vulnerable
[    0.036105] MDS: Mitigation: Clear CPU buffers
[    0.036940] MMIO Stale Data: Mitigation: Clear CPU buffers
[    0.037987] SRBDS: Unknown: Dependent on hypervisor status
[    0.039184] Freeing SMP alternatives memory: 36K
[    0.149601] smpboot: CPU0: Intel(R) Core(TM) i7-7600U CPU @ 2.80GHz (family: 0x6, model: 0x8e, stepping: 0x9)
[    0.151527] Performance Events: unsupported p6 CPU model 142 no PMU driver, software events only.
[    0.152000] Hierarchical SRCU implementation.
[    0.152457] NMI watchdog: Perf event create on CPU 0 failed with -2
[    0.153580] NMI watchdog: Perf NMI watchdog permanently disabled
[    0.154748] smp: Bringing up secondary CPUs ...
[    0.156095] x86: Booting SMP configuration:
[    0.156880] .... node  #0, CPUs:      #1
[    0.004000] kvm-clock: cpu 1, msr 0:3ff44041, secondary cpu clock
[    0.163110] smp: Brought up 1 node, 2 CPUs
[    0.163110] smpboot: Max logical packages: 1
[    0.164005] smpboot: Total of 2 processors activated (11616.00 BogoMIPS)
[    0.165328] devtmpfs: initialized
[    0.165328] x86/mm: Memory block size: 128MB
[    0.165667] evm: security.selinux
[    0.168003] evm: security.SMACK64
[    0.168683] evm: security.SMACK64EXEC
[    0.169427] evm: security.SMACK64TRANSMUTE
[    0.170179] evm: security.SMACK64MMAP
[    0.171006] evm: security.apparmor
[    0.172002] evm: security.ima
[    0.172605] evm: security.capability
[    0.173341] clocksource: jiffies: mask: 0xffffffff max_cycles: 0xffffffff, max_idle_ns: 7645041785100000 ns
[    0.176027] futex hash table entries: 512 (order: 3, 32768 bytes)
[    0.177316] pinctrl core: initialized pinctrl subsystem
[    0.180068] RTC time:  7:44:06, date: 03/07/25
[    0.181133] NET: Registered protocol family 16
[    0.182124] audit: initializing netlink subsys (disabled)
[    0.184032] audit: type=2000 audit(1741333451.346:1): state=initialized audit_enabled=0 res=1
[    0.185490] cpuidle: using governor ladder
[    0.185490] cpuidle: using governor menu
[    0.188043] ACPI: bus type PCI registered
[    0.188810] acpiphp: ACPI Hot Plug PCI Controller Driver version: 0.5
[    0.190052] PCI: Using configuration type 1 for base access
[    0.192045] HugeTLB registered 2.00 MiB page size, pre-allocated 0 pages
[    0.193265] ACPI: Added _OSI(Module Device)
[    0.193265] ACPI: Added _OSI(Processor Device)
[    0.193820] ACPI: Added _OSI(3.0 _SCP Extensions)
[    0.196003] ACPI: Added _OSI(Processor Aggregator Device)
[    0.196969] ACPI: Added _OSI(Linux-Dell-Video)
[    0.197770] ACPI: Added _OSI(Linux-Lenovo-NV-HDMI-Audio)
[    0.198704] ACPI: Added _OSI(Linux-HPI-Hybrid-Graphics)
[    0.200285] ACPI: Executed 1 blocks of module-level executable AML code
[    0.205271] ACPI: Interpreter enabled
[    0.205981] ACPI: (supports S0 S5)
[    0.206688] ACPI: Using IOAPIC for interrupt routing
[    0.208252] PCI: Using host bridge windows from ACPI; if necessary, use "pci=nocrs" and report a bug
[    0.210062] ACPI: Enabled 2 GPEs in block 00 to 07
[    0.217262] ACPI: PCI Root Bridge [PCI0] (domain 0000 [bus 00-ff])
[    0.218433] acpi PNP0A03:00: _OSC: OS supports [ASPM ClockPM Segments MSI]
[    0.220385] acpi PNP0A03:00: _OSC: not requesting OS control; OS requires [ExtendedConfig ASPM ClockPM MSI]
[    0.222180] acpi PNP0A03:00: fail to add MMCONFIG information, can't access extended PCI configuration space under this bridge.
[    0.224346] PCI host bridge to bus 0000:00
[    0.225963] pci_bus 0000:00: root bus resource [io  0x0000-0x0cf7 window]
[    0.227254] pci_bus 0000:00: root bus resource [io  0x0d00-0xffff window]
[    0.228003] pci_bus 0000:00: root bus resource [mem 0x000a0000-0x000bffff window]
[    0.229381] pci_bus 0000:00: root bus resource [mem 0x40000000-0xfdffffff window]
[    0.232003] pci_bus 0000:00: root bus resource [bus 00-ff]
[    0.234881] pci 0000:00:01.1: legacy IDE quirk: reg 0x10: [io  0x01f0-0x01f7]
[    0.236013] pci 0000:00:01.1: legacy IDE quirk: reg 0x14: [io  0x03f6]
[    0.237841] pci 0000:00:01.1: legacy IDE quirk: reg 0x18: [io  0x0170-0x0177]
[    0.240006] pci 0000:00:01.1: legacy IDE quirk: reg 0x1c: [io  0x0376]
[    0.257719] pci 0000:00:07.0: quirk: [io  0x4000-0x403f] claimed by PIIX4 ACPI
[    0.259197] pci 0000:00:07.0: quirk: [io  0x4100-0x410f] claimed by PIIX4 SMB
[    0.270326] ACPI: PCI Interrupt Link [LNKA] (IRQs 5 9 10 *11)
[    0.271849] ACPI: PCI Interrupt Link [LNKB] (IRQs 5 9 *10 11)
[    0.272118] ACPI: PCI Interrupt Link [LNKC] (IRQs 5 *9 10 11)
[    0.273324] ACPI: PCI Interrupt Link [LNKD] (IRQs 5 9 10 *11)
[    0.276337] SCSI subsystem initialized
[    0.277076] pci 0000:00:02.0: vgaarb: setting as boot VGA device
[    0.277120] pci 0000:00:02.0: vgaarb: VGA device added: decodes=io+mem,owns=io+mem,locks=none
[    0.278695] pci 0000:00:02.0: vgaarb: bridge control possible
[    0.280008] vgaarb: loaded
[    0.280577] ACPI: bus type USB registered
[    0.281413] usbcore: registered new interface driver usbfs
[    0.282454] usbcore: registered new interface driver hub
[    0.284010] usbcore: registered new device driver usb
[    0.285004] EDAC MC: Ver: 3.0.0
[    0.285004] PCI: Using ACPI for IRQ routing
[    0.285102] NetLabel: Initializing
[    0.288003] NetLabel:  domain hash size = 128
[    0.288820] NetLabel:  protocols = UNLABELED CIPSOv4 CALIPSO
[    0.289856] NetLabel:  unlabeled traffic allowed by default
[    0.290896] clocksource: Switched to clocksource kvm-clock
[    0.304558] VFS: Disk quotas dquot_6.6.0
[    0.305400] VFS: Dquot-cache hash table entries: 512 (order 0, 4096 bytes)
[    0.306766] AppArmor: AppArmor Filesystem Enabled
[    0.307697] pnp: PnP ACPI init
[    0.309385] pnp: PnP ACPI: found 3 devices
[    0.321298] clocksource: acpi_pm: mask: 0xffffff max_cycles: 0xffffff, max_idle_ns: 2085701024 ns
[    0.322980] NET: Registered protocol family 2
[    0.323902] IP idents hash table entries: 16384 (order: 5, 131072 bytes)
[    0.327738] TCP established hash table entries: 8192 (order: 4, 65536 bytes)
[    0.329129] TCP bind hash table entries: 8192 (order: 5, 131072 bytes)
[    0.330287] TCP: Hash tables configured (established 8192 bind 8192)
[    0.331439] UDP hash table entries: 512 (order: 2, 16384 bytes)
[    0.332692] UDP-Lite hash table entries: 512 (order: 2, 16384 bytes)
[    0.333876] NET: Registered protocol family 1
[    0.334741] pci 0000:00:00.0: Limiting direct PCI/PCI transfers
[    0.335888] pci 0000:00:01.0: Activating ISA DMA hang workarounds
[    0.337129] pci 0000:00:02.0: Video device with shadowed ROM at [mem 0x000c0000-0x000dffff]
[    0.338734] Unpacking initramfs...
[    0.625746] Freeing initrd memory: 19528K
[    0.626627] clocksource: tsc: mask: 0xffffffffffffffff max_cycles: 0x29dc079b5d9, max_idle_ns: 440795223751 ns
[    0.628554] platform rtc_cmos: registered platform RTC device (no PNP device found)
[    0.629987] Scanning for low memory corruption every 60 seconds
[    0.631838] Initialise system trusted keyrings
[    0.632766] Key type blacklist registered
[    0.633671] workingset: timestamp_bits=36 max_order=18 bucket_order=0
[    0.635709] zbud: loaded
[    0.636880] squashfs: version 4.0 (2009/01/31) Phillip Lougher
[    0.638177] fuse init (API version 7.26)
[    0.642276] Key type asymmetric registered
[    0.643062] Asymmetric key parser 'x509' registered
[    0.643998] Block layer SCSI generic (bsg) driver version 0.4 loaded (major 246)
[    0.645549] io scheduler noop registered
[    0.646336] io scheduler deadline registered
[    0.647140] io scheduler cfq registered (default)
[    0.648373] ACPI: AC Adapter [AC] (on-line)
[    0.649233] input: Power Button as /devices/LNXSYSTM:00/LNXPWRBN:00/input/input0
[    0.650691] ACPI: Power Button [PWRF]
[    0.651474] input: Sleep Button as /devices/LNXSYSTM:00/LNXSLPBN:00/input/input1
[    0.652965] ACPI: Sleep Button [SLPF]
[    0.654770] ACPI: Battery Slot [BAT0] (battery present)
[    0.655907] Serial: 8250/16550 driver, 32 ports, IRQ sharing enabled
[    0.677834] 00:02: ttyS0 at I/O 0x3f8 (irq = 4, base_baud = 115200) is a 16550A
[    0.683616] Linux agpgart interface v0.103
[    0.688464] loop: module loaded
[    0.689743] scsi host0: ata_piix
[    0.690642] scsi host1: ata_piix
[    0.691305] ata1: PATA max UDMA/33 cmd 0x1f0 ctl 0x3f6 bmdma 0xd000 irq 14
[    0.692615] ata2: PATA max UDMA/33 cmd 0x170 ctl 0x376 bmdma 0xd008 irq 15
[    0.693863] tun: Universal TUN/TAP device driver, 1.6
[    0.694954] PPP generic driver version 2.4.2
[    0.696030] ehci_hcd: USB 2.0 'Enhanced' Host Controller (EHCI) Driver
[    0.697202] ehci-pci: EHCI PCI platform driver
[    0.698015] ehci-platform: EHCI generic platform driver
[    0.699044] ohci_hcd: USB 1.1 'Open' Host Controller (OHCI) Driver
[    0.700146] ohci-pci: OHCI PCI platform driver
[    0.700939] ohci-platform: OHCI generic platform driver
[    0.701912] uhci_hcd: USB Universal Host Controller Interface driver
[    0.703114] i8042: PNP: PS/2 Controller [PNP0303:PS2K,PNP0f03:PS2M] at 0x60,0x64 irq 1,12
[    0.705053] serio: i8042 KBD port at 0x60,0x64 irq 1
[    0.705948] serio: i8042 AUX port at 0x60,0x64 irq 12
[    0.707114] mousedev: PS/2 mouse device common for all mice
[    0.709213] input: AT Translated Set 2 keyboard as /devices/platform/i8042/serio0/input/input2
[    0.710832] rtc_cmos rtc_cmos: rtc core: registered rtc_cmos as rtc0
[    0.712206] rtc_cmos rtc_cmos: alarms up to one day, 114 bytes nvram
[    0.713372] i2c /dev entries driver
[    0.714117] device-mapper: uevent: version 1.0.3
[    0.715137] device-mapper: ioctl: 4.37.0-ioctl (2017-09-20) initialised: dm-devel@redhat.com
[    0.716871] ledtrig-cpu: registered to indicate activity on CPUs
[    0.718443] NET: Registered protocol family 10
[    0.723197] Segment Routing with IPv6
[    0.723973] NET: Registered protocol family 17
[    0.724942] Key type dns_resolver registered
[    0.726044] mce: Using 0 MCE banks
[    0.726791] RAS: Correctable Errors collector initialized.
[    0.727806] sched_clock: Marking stable (726021957, 0)->(919229819, -193207862)
[    0.729784] registered taskstats version 1
[    0.730543] Loading compiled-in X.509 certificates
[    0.733577] Loaded X.509 cert 'Build time autogenerated kernel key: b5b26778eaa3ab3a4a6cee031137706e947d12ad'
[    0.735734] Loaded X.509 cert 'Canonical Ltd. Live Patch Signing: 14df34d1a87cf37625abec039ef2bf521249b969'
[    0.738035] Loaded X.509 cert 'Canonical Ltd. Kernel Module Signing: 88f752e560a1e0737e31163a466ad7b70a850c19'
[    0.739846] blacklist: Loading compiled-in revocation X.509 certificates
[    0.741150] Loaded X.509 cert 'Canonical Ltd. Secure Boot Signing: 61482aa2830d0ab2ad5af10b7250da9033ddcef0'
[    0.742941] Loaded X.509 cert 'Canonical Ltd. Secure Boot Signing (2017): 242ade75ac4a15e50d50c84b0d45ff3eae707a03'
[    0.744770] Loaded X.509 cert 'Canonical Ltd. Secure Boot Signing (ESM 2018): 365188c1d374d6b07c3c8f240f8ef722433d6a8b'
[    0.746658] Loaded X.509 cert 'Canonical Ltd. Secure Boot Signing (2019): c0746fd6c5da3ae827864651ad66ae47fe24b3e8'
[    0.748552] Loaded X.509 cert 'Canonical Ltd. Secure Boot Signing (2021 v1): a8d54bbb3825cfb94fa13c9f8a594a195c107b8d'
[    0.750521] Loaded X.509 cert 'Canonical Ltd. Secure Boot Signing (2021 v2): 4cf046892d6fd3c9a5b03f98d845f90851dc6a8c'
[    0.752378] Loaded X.509 cert 'Canonical Ltd. Secure Boot Signing (2021 v3): 100437bb6de6e469b581e61cd66bce3ef4ed53af'
[    0.754324] Loaded X.509 cert 'Canonical Ltd. Secure Boot Signing (Ubuntu Core 2019): c1d57b8f6b743f23ee41f4f7ee292f06eecadfb9'
[    0.756402] zswap: loaded using pool lzo/zbud
[    0.761057] Key type big_key registered
[    0.761838] Key type trusted registered
[    0.764330] Key type encrypted registered
[    0.765077] AppArmor: AppArmor sha1 policy hashing enabled
[    0.766132] ima: No TPM chip found, activating TPM-bypass! (rc=-19)
[    0.767259] ima: Allocated hash algorithm: sha1
[    0.768113] evm: HMAC attrs: 0x1
[    0.769022]   Magic number: 1:930:722
[    0.769710] block loop2: hash matches
[    0.770495] rtc_cmos rtc_cmos: setting system clock to 2025-03-07 07:44:07 UTC (1741333447)
[    0.772240] BIOS EDD facility v0.16 2004-Jun-25, 0 devices found
[    0.773347] EDD information not available.
[    0.905719] Freeing unused kernel image memory: 2480K
[    1.155698] Write protecting the kernel read-only data: 20480k
[    1.158153] Freeing unused kernel image memory: 2008K
[    1.160072] Freeing unused kernel image memory: 1820K
[    1.172903] x86/mm: Checked W+X mappings: passed, no W+X pages found.
[    1.174480] x86/mm: Checking user space page tables
[    1.188065] x86/mm: Checked W+X mappings: passed, no W+X pages found.
Loading, please wait...
starting version 237
[    1.257963] e1000: Intel(R) PRO/1000 Network Driver - version 7.3.21-k8-NAPI
[    1.259852] e1000: Copyright (c) 1999-2006 Intel Corporation.
[    1.263986] Fusion MPT base driver 3.04.20
[    1.265191] Copyright (c) 1999-2008 LSI Corporation
[    1.293912] AVX2 version of gcm_enc/dec engaged.
[    1.295472] AES CTR mode by8 optimization enabled
[    1.299631] Fusion MPT SPI Host driver 3.04.20
[    1.473242] input: ImExPS/2 Generic Explorer Mouse as /devices/platform/i8042/serio1/input/input4
[    1.686907] e1000 0000:00:03.0 eth0: (PCI:33MHz:32-bit) 02:3b:7b:b7:3b:2d
[    1.688709] e1000 0000:00:03.0 eth0: Intel(R) PRO/1000 Network Connection
[    1.691588] mptbase: ioc0: Initiating bringup
[    1.801044] ioc0: LSI53C1030 A0: Capabilities={Initiator}
[    2.052669] scsi host2: ioc0: LSI53C1030 A0, FwRev=00000000h, Ports=1, MaxQ=256, IRQ=20
[    2.229261] scsi 2:0:0:0: Direct-Access     VBOX     HARDDISK         1.0  PQ: 0 ANSI: 5
[    2.278616] scsi target2:0:0: Beginning Domain Validation
[    2.282627] scsi target2:0:0: Domain Validation skipping write tests
[    2.284837] scsi target2:0:0: Ending Domain Validation
[    2.286765] scsi target2:0:0: asynchronous
[    2.288911] scsi 2:0:1:0: Direct-Access     VBOX     HARDDISK         1.0  PQ: 0 ANSI: 5
[    2.532037] scsi target2:0:1: Beginning Domain Validation
[    2.534462] scsi target2:0:1: Domain Validation skipping write tests
[    2.536200] scsi target2:0:1: Ending Domain Validation
[    2.537682] scsi target2:0:1: asynchronous
[    2.543173] sd 2:0:0:0: Attached scsi generic sg0 type 0
[    2.544501] sd 2:0:1:0: Attached scsi generic sg1 type 0
[    2.545744] sd 2:0:0:0: [sda] 83886080 512-byte logical blocks: (42.9 GB/40.0 GiB)
[    2.547154] sd 2:0:0:0: [sda] Write Protect is off
[    2.548142] sd 2:0:0:0: [sda] Incomplete mode parameter data
[    2.549128] sd 2:0:0:0: [sda] Assuming drive cache: write through
[    2.552006]  sda: sda1
[    2.553106] sd 2:0:0:0: [sda] Attached SCSI disk
[    2.556442] sd 2:0:1:0: [sdb] 20480 512-byte logical blocks: (10.5 MB/10.0 MiB)
[    2.558652] sd 2:0:1:0: [sdb] Write Protect is off
[    2.560230] sd 2:0:1:0: [sdb] Incomplete mode parameter data
[    2.561513] sd 2:0:1:0: [sdb] Assuming drive cache: write through
[    2.565739] sd 2:0:1:0: [sdb] Attached SCSI disk
[    2.638595] e1000 0000:00:08.0 eth1: (PCI:33MHz:32-bit) 08:00:27:a1:dd:18
[    2.639926] e1000 0000:00:08.0 eth1: Intel(R) PRO/1000 Network Connection
[    2.642345] e1000 0000:00:03.0 enp0s3: renamed from eth0
[    2.660344] e1000 0000:00:08.0 enp0s8: renamed from eth1
Begin: Loading essential drivers ... [    4.232814] raid6: sse2x1   gen() 12756 MB/s
[    4.280637] raid6: sse2x1   xor()  9413 MB/s
[    4.328499] raid6: sse2x2   gen() 11892 MB/s
[    4.376374] raid6: sse2x2   xor()  7363 MB/s
[    4.424113] raid6: sse2x4   gen() 16002 MB/s
[    4.472907] raid6: sse2x4   xor() 10933 MB/s
[    4.520735] raid6: avx2x1   gen() 25068 MB/s
[    4.568544] raid6: avx2x1   xor() 16575 MB/s
[    4.616379] raid6: avx2x2   gen() 28793 MB/s
[    4.664189] raid6: avx2x2   xor() 18080 MB/s
[    4.712051] raid6: avx2x4   gen() 33811 MB/s
[    4.760802] raid6: avx2x4   xor() 20171 MB/s
[    4.761701] raid6: using algorithm avx2x4 gen() 33811 MB/s
[    4.762847] raid6: .... xor() 20171 MB/s, rmw enabled
[    4.763885] raid6: using avx2x2 recovery algorithm
[    4.765837] xor: automatically using best checksumming function   avx       
[    4.768000] async_tx: api initialized (async)
done.
Begin: Running /scripts/init-premount ... done.
Begin: Mounting root file system ... Begin: Running /scripts/local-top ... done.
Begin: Running /scripts/local-premount ... [    4.808863] Btrfs loaded, crc32c=crc32c-intel
Scanning for Btrfs filesystems
done.
Warning: fsck not present, so skipping root file system
[    4.841253] EXT4-fs (sda1): INFO: recovery required on readonly filesystem
[    4.842729] EXT4-fs (sda1): write access will be enabled during recovery
[    4.897119] EXT4-fs (sda1): recovery complete
[    4.898282] EXT4-fs (sda1): mounted filesystem with ordered data mode. Opts: (null)
done.
Begin: Running /scripts/local-bottom ... done.
Begin: Running /scripts/init-bottom ... done.
[    5.100078] ip_tables: (C) 2000-2006 Netfilter Core Team
[    5.115502] systemd[1]: systemd 237 running in system mode. (+PAM +AUDIT +SELINUX +IMA +APPARMOR +SMACK +SYSVINIT +UTMP +LIBCRYPTSETUP +GCRYPT +GNUTLS +ACL +XZ +LZ4 +SECCOMP +BLKID +ELFUTILS +KMOD -IDN2 +IDN -PCRE2 default-hierarchy=hybrid)
[    5.120628] systemd[1]: Detected virtualization oracle.
[    5.121869] systemd[1]: Detected architecture x86-64.

Welcome to [1mUbuntu 18.04.6 LTS[0m!

[    5.129211] systemd[1]: Set hostname to <web03>.
[    5.453265] systemd[1]: Reached target User and Group Name Lookups.
[[0;32m  OK  [0m] Reached target User and Group Name Lookups.
[    5.456347] systemd[1]: Reached target Mounting snaps.
[[0;32m  OK  [0m] Reached target Mounting snaps.
[    5.457924] systemd[1]: Reached target System Time Synchronized.
[[0;32m  OK  [0m] Reached target System Time Synchronized.
[    5.468930] systemd[1]: Reached target Mounted snaps.
[[0;32m  OK  [0m] Reached target Mounted snaps.
[    5.471825] systemd[1]: Created slice System Slice.
[[0;32m  OK  [0m] Created slice System Slice.
[    5.484669] systemd[1]: Listening on Journal Socket.
[[0;32m  OK  [0m] Listening on Journal Socket.
         Starting Set the console keyboard layout...
[[0;32m  OK  [0m] Listening on Device-mapper event daemon FIFOs.
[[0;32m  OK  [0m] Listening on udev Control Socket.
[[0;32m  OK  [0m] Listening on LVM2 metadata daemon socket.
         Starting Monitoring of LVM2 mirrors…ng dmeventd or progress polling...
[[0;32m  OK  [0m] Listening on Journal Socket (/dev/log).
[[0;32m  OK  [0m] Listening on fsck to fsckd communication Socket.
[[0;32m  OK  [0m] Listening on udev Kernel Socket.
         Mounting Huge Pages File System...
[[0;32m  OK  [0m] Created slice system-serial\x2dgetty.slice.
[[0;32m  OK  [0m] Created slice User and Session Slice.
[[0;32m  OK  [0m] Reached target Slices.
[[0;32m  OK  [0m] Set up automount Arbitrary Executab…rmats File System Automount Point.
[[0;32m  OK  [0m] Started Forward Password Requests to Wall Directory Watch.
         Mounting POSIX Message Queue File System...
[[0;32m  OK  [0m] Listening on LVM2 poll daemon socket.
         Starting File System Check on Root Device...
         Starting udev Coldplug all Devices...
[[0;32m  OK  [0m] Listening on Network Service Netlink Socket.
         Starting Load Kernel Modules...
         Starting Uncomplicated firewall...
[[0;32m  OK  [0m] Listening on Journal Audit Socket.
[[0;32m  OK  [0m] Listening on /dev/initctl Compatibility Named Pipe.
[[0;32m  OK  [0m] Reached target Swap.
[[0;32m  OK  [0m] Listening on Syslog Socket.
         Starting Journal Service...
         Starting Create list of required st…ce nodes for the current kernel...
         Mounting Kernel Debug File System...
[[0;32m  OK  [0m] Mounted Huge Pages File System.
[[0;32m  OK  [0m] Mounted POSIX Message Queue File System.
[[0;32m  OK  [0m] Mounted Kernel Debug File System.
[[0;32m  OK  [0m] Started File System Check Daemon to report status.
[[0;32m  OK  [0m] Started LVM2 metadata daemon.
[[0;32m  OK  [0m] Started Uncomplicated firewall.
[[0;32m  OK  [0m] Started Create list of required sta…vice nodes for the current kernel.
         Starting Create Static Device Nodes in /dev...
[[0;32m  OK  [0m] Started Journal Service.
[[0;32m  OK  [0m] Started File System Check on Root Device.
         Starting Remount Root and Kernel File Systems...
[[0;32m  OK  [0m] Started udev Coldplug all Devices.
[    5.666744] Loading iSCSI transport class v2.0-870.
[    5.672692] iscsi: registered transport (tcp)
[    5.687077] iscsi: registered transport (iser)
[[0;32m  OK  [0m] Started Load Kernel Modules.
         Starting Apply Kernel Variables...
         Mounting FUSE Control File System...
         Mounting Kernel Configuration File System...
[[0;32m  OK  [0m] Mounted Kernel Configuration File System.
[[0;32m  OK  [0m] Mounted FUSE Control File System.
[[0;32m  OK  [0m] Started Set the console keyboard layout.
[[0;32m  OK  [0m] Started Create Static Device Nodes in /dev.
[[0;32m  OK  [0m] Started Remount Root and Kernel File Systems.
[[0;32m  OK  [0m] Started Apply Kernel Variables.
[[0;32m  OK  [0m] Started Monitoring of LVM2 mirrors,…sing dmeventd or progress polling.
         Starting Flush Journal to Persistent Storage...
         Starting Load/Save Random Seed...
         Starting udev Kernel Device Manager...
[[0;32m  OK  [0m] Reached target Local File Systems (Pre).
[[0;32m  OK  [0m] Reached target Local File Systems.
         Starting AppArmor initialization...
         Starting ebtables ruleset management...
         Starting Tell Plymouth To Write Out Runtime Data...
         Starting Set console font and keymap...
[[0;32m  OK  [0m] Started Load/Save Random Seed.
[[0;32m  OK  [0m] Started udev Kernel Device Manager.
[[0;32m  OK  [0m] Started Dispatch Password Requests to Console Directory Watch.
[[0;32m  OK  [0m] Reached target Local Encrypted Volumes.
[[0;32m  OK  [0m] Started Tell Plymouth To Write Out Runtime Data.
[[0;32m  OK  [0m] Started Set console font and keymap.
[[0;32m  OK  [0m] Started Flush Journal to Persistent Storage.
         Starting Create Volatile Files and Directories...
[[0;32m  OK  [0m] Started ebtables ruleset management.
[[0;32m  OK  [0m] Started Create Volatile Files and Directories.
         Starting Update UTMP about System Boot/Shutdown...
[[0;32m  OK  [0m] Started Update UTMP about System Boot/Shutdown.
[[0;32m  OK  [0m] Started AppArmor initialization.
         Starting Initial cloud-init job (pre-networking)...
         Starting Load AppArmor profiles managed internally by snapd...
         Mounting Arbitrary Executable File Formats File System...
[[0;32m  OK  [0m] Found device /dev/ttyS0.
[[0;32m  OK  [0m] Mounted Arbitrary Executable File Formats File System.
[[0;32m  OK  [0m] Started Load AppArmor profiles managed internally by snapd.
[[0;32m  OK  [0m] Listening on Load/Save RF Kill Switch Status /dev/rfkill Watch.
[    7.844891] cloud-init[524]: Cloud-init v. 23.1.2-0ubuntu0~18.04.1 running 'init-local' at Fri, 07 Mar 2025 07:44:14 +0000. Up 7.60 seconds.
[[0;32m  OK  [0m] Started Initial cloud-init job (pre-networking).
[[0;32m  OK  [0m] Reached target Network (Pre).
         Starting Network Service...
[[0;32m  OK  [0m] Started Network Service.
         Starting Wait for Network to be Configured...
         Starting Network Name Resolution...
[[0;32m  OK  [0m] Started Network Name Resolution.
[[0;32m  OK  [0m] Reached target Host and Network Name Lookups.
[[0;32m  OK  [0m] Reached target Network.
[[0;32m  OK  [0m] Started Wait for Network to be Configured.
         Starting Initial cloud-init job (metadata service crawler)...
[   11.077519] cloud-init[667]: Cloud-init v. 23.1.2-0ubuntu0~18.04.1 running 'init' at Fri, 07 Mar 2025 07:44:17 +0000. Up 10.83 seconds.
[   11.078809] cloud-init[667]: ci-info: ++++++++++++++++++++++++++++++++++++++Net device info+++++++++++++++++++++++++++++++++++++++
[   11.079959] cloud-init[667]: ci-info: +--------+------+-----------------------------+---------------+--------+-------------------+
[   11.081318] cloud-init[667]: ci-info: | Device |  Up  |           Address           |      Mask     | Scope  |     Hw-Address    |
[   11.083156] cloud-init[667]: ci-info: +--------+------+-----------------------------+---------------+--------+-------------------+
[   11.084631] cloud-init[667]: ci-info: | enp0s3 | True |          10.0.2.15          | 255.255.255.0 | global | 02:3b:7b:b7:3b:2d |
[   11.086028] cloud-init[667]: ci-info: | enp0s3 | True |  fe80::3b:7bff:feb7:3b2d/64 |       .       |  link  | 02:3b:7b:b7:3b:2d |
[   11.087377] cloud-init[667]: ci-info: | enp0s8 | True |        192.168.10.15        | 255.255.255.0 | global | 08:00:27:a1:dd:18 |
[   11.088954] cloud-init[667]: ci-info: | enp0s8 | True | fe80::a00:27ff:fea1:dd18/64 |       .       |  link  | 08:00:27:a1:dd:18 |
[   11.104191] cloud-init[667]: ci-info: |   lo   | True |          127.0.0.1          |   255.0.0.0   |  host  |         .         |
[   11.105462] cloud-init[667]: ci-info: |   lo   | True |           ::1/128           |       .       |  host  |         .         |
[   11.107085] cloud-init[667]: ci-info: +--------+------+-----------------------------+---------------+--------+-------------------+
[   11.109066] cloud-init[667]: ci-info: +++++++++++++++++++++++++++++Route IPv4 info+++++++++++++++++++++++++++++
[   11.110352] cloud-init[667]: ci-info: +-------+--------------+----------+-----------------+-----------+-------+
[   11.111637] cloud-init[667]: ci-info: | Route | Destination  | Gateway  |     Genmask     | Interface | Flags |
[   11.113304] cloud-init[667]: ci-info: +-------+--------------+----------+-----------------+-----------+-------+
[   11.114557] cloud-init[667]: ci-info: |   0   |   0.0.0.0    | 10.0.2.2 |     0.0.0.0     |   enp0s3  |   UG  |
[   11.115874] cloud-init[667]: ci-info: |   1   |   10.0.2.0   | 0.0.0.0  |  255.255.255.0  |   enp0s3  |   U   |
[   11.117364] cloud-init[667]: ci-info: |   2   |   10.0.2.2   | 0.0.0.0  | 255.255.255.255 |   enp0s3  |   UH  |
[   11.118775] cloud-init[667]: ci-info: |   3   | 192.168.10.0 | 0.0.0.0  |  255.255.255.0  |   enp0s8  |   U   |
[   11.120136] cloud-init[667]: ci-info: +-------+--------------+----------+-----------------+-----------+-------+
[   11.121258] cloud-init[667]: ci-info: +++++++++++++++++++Route IPv6 info+++++++++++++++++++
[   11.122208] cloud-init[667]: ci-info: +-------+-------------+---------+-----------+-------+
[   11.123152] cloud-init[667]: ci-info: | Route | Destination | Gateway | Interface | Flags |
[   11.124107] cloud-init[667]: ci-info: +-------+-------------+---------+-----------+-------+
[   11.124920] cloud-init[667]: ci-info: |   1   |  fe80::/64  |    ::   |   enp0s8  |   U   |
[   11.136201] cloud-init[667]: ci-info: |   2   |  fe80::/64  |    ::   |   enp0s3  |   U   |
[   11.137208] cloud-init[667]: ci-info: |   4   |    local    |    ::   |   enp0s3  |   U   |
[   11.138272] cloud-init[667]: ci-info: |   5   |    local    |    ::   |   enp0s8  |   U   |
[   11.139214] cloud-init[667]: ci-info: |   6   |   ff00::/8  |    ::   |   enp0s8  |   U   |
[   11.140374] cloud-init[667]: ci-info: |   7   |   ff00::/8  |    ::   |   enp0s3  |   U   |
[   11.141428] cloud-init[667]: ci-info: +-------+-------------+---------+-----------+-------+
[[0;32m  OK  [0m] Started Initial cloud-init job (metadata service crawler).
[[0;32m  OK  [0m] Reached target Cloud-config availability.
[[0;32m  OK  [0m] Reached target Network is Online.
[[0;32m  OK  [0m] Reached target Remote File Systems (Pre).
         Starting Availability of block devices...
         Mounting /vagrant...
[[0;32m  OK  [0m] Reached target System Initialization.
[[0;32m  OK  [0m] Listening on UUID daemon activation socket.
[[0;32m  OK  [0m] Listening on D-Bus System Message Bus Socket.
[[0;32m  OK  [0m] Started Ubuntu Advantage Timer for running repeated jobs.
[[0;32m  OK  [0m] Listening on Open-iSCSI iscsid Socket.
[[0;32m  OK  [0m] Started Discard unused blocks once a week.
[[0;32m  OK  [0m] Started Daily Cleanup of Temporary Directories.
[[0;32m  OK  [0m] Listening on ACPID Listen Socket.
[[0;32m  OK  [0m] Started ACPI Events Check.
[[0;32m  OK  [0m] Reached target Paths.
[[0;32m  OK  [0m] Started Message of the Day.
         Starting Socket activation for snappy daemon.
         Starting LXD - unix socket.
[[0;32m  OK  [0m] Started Daily apt download activities.
[[0;32m  OK  [0m] Started Daily apt upgrade and clean activities.
[[0;32m  OK  [0m] Reached target Timers.
[[0;32m  OK  [0m] Listening on cloud-init hotplug hook socket.
[[0;32m  OK  [0m] Started Availability of block devices.
[[0;32m  OK  [0m] Mounted /vagrant.
[[0;32m  OK  [0m] Listening on Socket activation for snappy daemon.
[[0;32m  OK  [0m] Listening on LXD - unix socket.
[[0;32m  OK  [0m] Reached target Sockets.
[[0;32m  OK  [0m] Reached target Basic System.
[[0;32m  OK  [0m] Started Deferred execution scheduler.
[[0;32m  OK  [0m] Reached target Login Prompts (Pre).
         Starting System Logging Service...
[[0;32m  OK  [0m] Started FUSE filesystem for LXC.
         Starting LSB: Record successful boot for GRUB...
[[0;32m  OK  [0m] Started D-Bus System Message Bus.
         Starting LXD - container startup/shutdown...
         Starting Message of the Day...
         Starting OpenBSD Secure Shell server...
         Starting Login Service...
         Starting Dispatcher daemon for systemd-networkd...
         Starting Virtualbox guest utils...
[[0;32m  OK  [0m] Started Regular background program processing daemon.
[[0;32m  OK  [0m] Started irqbalance daemon.
         Starting Accounts Service...
         Starting Snap Daemon...
[[0;32m  OK  [0m] Reached target Remote File Systems.
         Starting Permit User Sessions...
         Starting LSB: automatic crash report generation...
[[0;32m  OK  [0m] Started System Logging Service.
[[0;32m  OK  [0m] Started Login Service.
[[0;32m  OK  [0m] Started Unattended Upgrades Shutdown.
[[0;32m  OK  [0m] Started OpenBSD Secure Shell server.
[[0;32m  OK  [0m] Started Permit User Sessions.
         Starting Hold until boot process finishes up...
         Starting Terminate Plymouth Boot Screen...
[[0;32m  OK  [0m] Started Hold until boot process finishes up.
[[0;32m  OK  [0m] Started Serial Getty on ttyS0.
         Starting Set console scheme...
[[0;32m  OK  [0m] Started Terminate Plymouth Boot Screen.
[[0;32m  OK  [0m] Started LXD - container startup/shutdown.
[[0;32m  OK  [0m] Started Virtualbox guest utils.
[[0;32m  OK  [0m] Started LSB: Record successful boot for GRUB.
[[0;32m  OK  [0m] Started Set console scheme.
[[0;32m  OK  [0m] Created slice system-getty.slice.
[[0;32m  OK  [0m] Started Getty on tty1.
[[0;32m  OK  [0m] Reached target Login Prompts.
[[0;32m  OK  [0m] Started LSB: automatic crash report generation.
         Starting Authorization Manager...
[[0;32m  OK  [0m] Started Authorization Manager.
[[0;32m  OK  [0m] Started Accounts Service.
[[0;32m  OK  [0m] Created slice User Slice of vagrant.
[[0;32m  OK  [0m] Started Dispatcher daemon for systemd-networkd.
         Starting User Manager for UID 1000...
[[0;32m  OK  [0m] Started Session 1 of user vagrant.
[[0;32m  OK  [0m] Started User Manager for UID 1000.
[[0;32m  OK  [0m] Started Snap Daemon.
         Starting Wait until snapd is fully seeded...
         Starting Time & Date Service...
[[0;32m  OK  [0m] Started Time & Date Service.
[[0;32m  OK  [0m] Started Wait until snapd is fully seeded.
         Starting Apply the settings specified in cloud-config...
[   14.100989] cloud-init[1185]: Cloud-init v. 23.1.2-0ubuntu0~18.04.1 running 'modules:config' at Fri, 07 Mar 2025 07:44:20 +0000. Up 13.86 seconds.
[[0;32m  OK  [0m] Started Apply the settings specified in cloud-config.
[[0;32m  OK  [0m] Reached target Multi-User System.
         Starting Execute cloud user/final scripts...
[[0;32m  OK  [0m] Reached target Graphical Interface.
         Starting Update UTMP about System Runlevel Changes...
[[0;32m  OK  [0m] Started Update UTMP about System Runlevel Changes.
[   15.551638] cloud-init[1289]: Cloud-init v. 23.1.2-0ubuntu0~18.04.1 running 'modules:final' at Fri, 07 Mar 2025 07:44:21 +0000. Up 15.10 seconds.
[   15.553767] cloud-init[1289]: Cloud-init v. 23.1.2-0ubuntu0~18.04.1 finished at Fri, 07 Mar 2025 07:44:22 +0000. Datasource DataSourceNoCloud [seed=/dev/sdb][dsmode=net].  Up 15.54 seconds
[[0;32m  OK  [0m] Started Execute cloud user/final scripts.
         Starting Daily apt download activities...
[[0;32m  OK  [0m] Reached target Cloud-init target.
         Starting Update APT News...
         Starting Update the local ESM caches...

Ubuntu 18.04.6 LTS web03 ttyS0

web03 login: [[0;32m  OK  [0m] Started Daily apt upgrade and clean activities.
